<?xml version="1.0" encoding="UTF-8" ?>
<testsuite failures="0" time="0.024" errors="0" skipped="0" tests="2" name="org.brzy.webapp.action.returns.JsonReturnTest">
  <properties>
    <property name="java.runtime.name" value="Java(TM) SE Runtime Environment"/>
    <property name="sun.boot.library.path" value="/System/Library/Frameworks/JavaVM.framework/Versions/1.6.0/Libraries"/>
    <property name="java.vm.version" value="16.3-b01-279"/>
    <property name="awt.nativeDoubleBuffering" value="true"/>
    <property name="gopherProxySet" value="false"/>
    <property name="mrj.build" value="10M3065"/>
    <property name="java.vm.vendor" value="Apple Inc."/>
    <property name="java.vendor.url" value="http://www.apple.com/"/>
    <property name="path.separator" value=":"/>
    <property name="java.vm.name" value="Java HotSpot(TM) 64-Bit Server VM"/>
    <property name="file.encoding.pkg" value="sun.io"/>
    <property name="user.country" value="US"/>
    <property name="sun.java.launcher" value="SUN_STANDARD"/>
    <property name="sun.os.patch.level" value="unknown"/>
    <property name="java.vm.specification.name" value="Java Virtual Machine Specification"/>
    <property name="user.dir" value="/Users/m410/Projects/Brzy/brzy-archetypes/brzy-webapp"/>
    <property name="java.runtime.version" value="1.6.0_20-b02-279-10M3065"/>
    <property name="java.awt.graphicsenv" value="apple.awt.CGraphicsEnvironment"/>
    <property name="basedir" value="/Users/m410/Projects/Brzy/brzy-archetypes/brzy-webapp"/>
    <property name="java.endorsed.dirs" value="/System/Library/Frameworks/JavaVM.framework/Versions/1.6.0/Home/lib/endorsed"/>
    <property name="os.arch" value="x86_64"/>
    <property name="surefire.real.class.path" value="/var/folders/uu/uudwnXaREqKqXwekBGt8YU+++TI/-Tmp-/surefirebooter2435071402039723103.jar"/>
    <property name="java.io.tmpdir" value="/var/folders/uu/uudwnXaREqKqXwekBGt8YU+++TI/-Tmp-/"/>
    <property name="line.separator" value="
"/>
    <property name="java.vm.specification.vendor" value="Sun Microsystems Inc."/>
    <property name="os.name" value="Mac OS X"/>
    <property name="sun.jnu.encoding" value="MacRoman"/>
    <property name="java.library.path" value=".:/Library/Java/Extensions:/System/Library/Java/Extensions:/usr/lib/java"/>
    <property name="surefire.test.class.path" value="/Users/m410/Projects/Brzy/brzy-archetypes/brzy-webapp/target/test-classes:/Users/m410/Projects/Brzy/brzy-archetypes/brzy-webapp/target/classes:/Users/m410/.m2/repository/org/scala-lang/scala-library/2.8.0/scala-library-2.8.0.jar:/Users/m410/.m2/repository/org/reflections/reflections/0.9.5-RC2/reflections-0.9.5-RC2.jar:/Users/m410/.m2/repository/com/google/collections/google-collections/1.0/google-collections-1.0.jar:/Users/m410/.m2/repository/javassist/javassist/3.11.0.GA/javassist-3.11.0.GA.jar:/Users/m410/.m2/repository/dom4j/dom4j/1.6/dom4j-1.6.jar:/Users/m410/.m2/repository/xml-apis/xml-apis/1.0.b2/xml-apis-1.0.b2.jar:/Users/m410/.m2/repository/com/google/code/gson/gson/1.4/gson-1.4.jar:/Users/m410/.m2/repository/javax/servlet/servlet-api/2.5/servlet-api-2.5.jar:/Users/m410/.m2/repository/org/brzy/fab/fab-conf/0.2-SNAPSHOT/fab-conf-0.2-SNAPSHOT.jar:/Users/m410/.m2/repository/org/jyaml/jyaml/1.3/jyaml-1.3.jar:/Users/m410/.m2/repository/commons-lang/commons-lang/2.5/commons-lang-2.5.jar:/Users/m410/.m2/repository/org/apache/ivy/ivy/2.2.0-rc1/ivy-2.2.0-rc1.jar:/Users/m410/.m2/repository/ch/qos/logback/logback-classic/0.9.24/logback-classic-0.9.24.jar:/Users/m410/.m2/repository/ch/qos/logback/logback-core/0.9.24/logback-core-0.9.24.jar:/Users/m410/.m2/repository/org/slf4j/slf4j-api/1.6.0/slf4j-api-1.6.0.jar:/Users/m410/.m2/repository/org/aspectj/aspectjweaver/1.6.8/aspectjweaver-1.6.8.jar:/Users/m410/.m2/repository/javax/validation/validation-api/1.0.0.GA/validation-api-1.0.0.GA.jar:/Users/m410/.m2/repository/junit/junit/4.8.1/junit-4.8.1.jar:/Users/m410/.m2/repository/org/easymock/easymock/2.5.1/easymock-2.5.1.jar:/Users/m410/.m2/repository/org/springframework/spring-test/3.0.0.RELEASE/spring-test-3.0.0.RELEASE.jar:/Users/m410/.m2/repository/org/springframework/spring-core/3.0.0.RELEASE/spring-core-3.0.0.RELEASE.jar:/Users/m410/.m2/repository/org/springframework/spring-asm/3.0.0.RELEASE/spring-asm-3.0.0.RELEASE.jar:/Users/m410/.m2/repository/commons-logging/commons-logging/1.1.1/commons-logging-1.1.1.jar:/Users/m410/.m2/repository/org/apache/tomcat/servlet-api/6.0.26/servlet-api-6.0.26.jar:/Users/m410/.m2/repository/postgresql/postgresql/8.4-701.jdbc4/postgresql-8.4-701.jdbc4.jar:/Users/m410/.m2/repository/org/scalatest/scalatest/1.2/scalatest-1.2.jar:"/>
    <property name="java.specification.name" value="Java Platform API Specification"/>
    <property name="java.class.version" value="50.0"/>
    <property name="sun.management.compiler" value="HotSpot 64-Bit Server Compiler"/>
    <property name="os.version" value="10.6.4"/>
    <property name="http.nonProxyHosts" value="local|*.local|169.254/16|*.169.254/16"/>
    <property name="user.home" value="/Users/m410"/>
    <property name="user.timezone" value="America/New_York"/>
    <property name="java.awt.printerjob" value="apple.awt.CPrinterJob"/>
    <property name="java.specification.version" value="1.6"/>
    <property name="file.encoding" value="MacRoman"/>
    <property name="user.name" value="m410"/>
    <property name="java.class.path" value="/Users/m410/Projects/Brzy/brzy-archetypes/brzy-webapp/target/test-classes:/Users/m410/Projects/Brzy/brzy-archetypes/brzy-webapp/target/classes:/Users/m410/.m2/repository/org/scala-lang/scala-library/2.8.0/scala-library-2.8.0.jar:/Users/m410/.m2/repository/org/reflections/reflections/0.9.5-RC2/reflections-0.9.5-RC2.jar:/Users/m410/.m2/repository/com/google/collections/google-collections/1.0/google-collections-1.0.jar:/Users/m410/.m2/repository/javassist/javassist/3.11.0.GA/javassist-3.11.0.GA.jar:/Users/m410/.m2/repository/dom4j/dom4j/1.6/dom4j-1.6.jar:/Users/m410/.m2/repository/xml-apis/xml-apis/1.0.b2/xml-apis-1.0.b2.jar:/Users/m410/.m2/repository/com/google/code/gson/gson/1.4/gson-1.4.jar:/Users/m410/.m2/repository/javax/servlet/servlet-api/2.5/servlet-api-2.5.jar:/Users/m410/.m2/repository/org/brzy/fab/fab-conf/0.2-SNAPSHOT/fab-conf-0.2-SNAPSHOT.jar:/Users/m410/.m2/repository/org/jyaml/jyaml/1.3/jyaml-1.3.jar:/Users/m410/.m2/repository/commons-lang/commons-lang/2.5/commons-lang-2.5.jar:/Users/m410/.m2/repository/org/apache/ivy/ivy/2.2.0-rc1/ivy-2.2.0-rc1.jar:/Users/m410/.m2/repository/ch/qos/logback/logback-classic/0.9.24/logback-classic-0.9.24.jar:/Users/m410/.m2/repository/ch/qos/logback/logback-core/0.9.24/logback-core-0.9.24.jar:/Users/m410/.m2/repository/org/slf4j/slf4j-api/1.6.0/slf4j-api-1.6.0.jar:/Users/m410/.m2/repository/org/aspectj/aspectjweaver/1.6.8/aspectjweaver-1.6.8.jar:/Users/m410/.m2/repository/javax/validation/validation-api/1.0.0.GA/validation-api-1.0.0.GA.jar:/Users/m410/.m2/repository/junit/junit/4.8.1/junit-4.8.1.jar:/Users/m410/.m2/repository/org/easymock/easymock/2.5.1/easymock-2.5.1.jar:/Users/m410/.m2/repository/org/springframework/spring-test/3.0.0.RELEASE/spring-test-3.0.0.RELEASE.jar:/Users/m410/.m2/repository/org/springframework/spring-core/3.0.0.RELEASE/spring-core-3.0.0.RELEASE.jar:/Users/m410/.m2/repository/org/springframework/spring-asm/3.0.0.RELEASE/spring-asm-3.0.0.RELEASE.jar:/Users/m410/.m2/repository/commons-logging/commons-logging/1.1.1/commons-logging-1.1.1.jar:/Users/m410/.m2/repository/org/apache/tomcat/servlet-api/6.0.26/servlet-api-6.0.26.jar:/Users/m410/.m2/repository/postgresql/postgresql/8.4-701.jdbc4/postgresql-8.4-701.jdbc4.jar:/Users/m410/.m2/repository/org/scalatest/scalatest/1.2/scalatest-1.2.jar:"/>
    <property name="java.vm.specification.version" value="1.0"/>
    <property name="sun.arch.data.model" value="64"/>
    <property name="java.home" value="/System/Library/Frameworks/JavaVM.framework/Versions/1.6.0/Home"/>
    <property name="java.specification.vendor" value="Sun Microsystems Inc."/>
    <property name="user.language" value="en"/>
    <property name="awt.toolkit" value="apple.awt.CToolkit"/>
    <property name="java.vm.info" value="mixed mode"/>
    <property name="java.version" value="1.6.0_20"/>
    <property name="java.ext.dirs" value="/Library/Java/Extensions:/System/Library/Java/Extensions:/System/Library/Frameworks/JavaVM.framework/Versions/1.6.0/Home/lib/ext"/>
    <property name="sun.boot.class.path" value="/System/Library/Frameworks/JavaVM.framework/Versions/1.6.0/Classes/jsfd.jar:/System/Library/Frameworks/JavaVM.framework/Versions/1.6.0/Classes/classes.jar:/System/Library/Frameworks/JavaVM.framework/Frameworks/JavaRuntimeSupport.framework/Resources/Java/JavaRuntimeSupport.jar:/System/Library/Frameworks/JavaVM.framework/Versions/1.6.0/Classes/ui.jar:/System/Library/Frameworks/JavaVM.framework/Versions/1.6.0/Classes/laf.jar:/System/Library/Frameworks/JavaVM.framework/Versions/1.6.0/Classes/sunrsasign.jar:/System/Library/Frameworks/JavaVM.framework/Versions/1.6.0/Classes/jsse.jar:/System/Library/Frameworks/JavaVM.framework/Versions/1.6.0/Classes/jce.jar:/System/Library/Frameworks/JavaVM.framework/Versions/1.6.0/Classes/charsets.jar"/>
    <property name="java.vendor" value="Apple Inc."/>
    <property name="localRepository" value="/Users/m410/.m2/repository"/>
    <property name="file.separator" value="/"/>
    <property name="java.vendor.url.bug" value="http://bugreport.apple.com/"/>
    <property name="sun.cpu.endian" value="little"/>
    <property name="sun.io.unicode.encoding" value="UnicodeLittle"/>
    <property name="mrj.version" value="1060.1.6.0_20-279"/>
    <property name="socksNonProxyHosts" value="local|*.local|169.254/16|*.169.254/16"/>
    <property name="ftp.nonProxyHosts" value="local|*.local|169.254/16|*.169.254/16"/>
    <property name="sun.cpu.isalist" value=""/>
  </properties>
  <testcase time="0.006" classname="org.brzy.webapp.action.returns.JsonReturnTest" name="testReturnJson"/>
  <testcase time="0.002" classname="org.brzy.webapp.action.returns.JsonReturnTest" name="testReturnJson2"/>
</testsuite>